<?xml version="1.0" encoding="UTF-8"?>
<!--
  - \file   test-invalid.xml
  - \author Boubacar DIENE <boubacar.diene@gmail.com>
  - \date   2020

  - \brief  Simple XML file to unit test Parser.c when .xml
            is not well-formed
-->

<Test>

    <Element>

</Test>

